[2021-06-01 19:21:02] [WARNING]: 警告: 强烈不推荐通过双击直接运行本程序, 这将导致一些非预料的后果. 
[2021-06-01 19:21:02] [WARNING]: 将等待10s后启动 
[2021-06-01 19:21:12] [INFO]: 当前版本:v0.9.40-fix5 
[2021-06-01 19:21:12] [INFO]: 用户交流群: 721829413 
[2021-06-01 19:21:12] [INFO]: 将使用 device.json 内的设备信息运行Bot. 
[2021-06-01 19:21:12] [INFO]: Bot将在5秒后登录并开始信息处理, 按 Ctrl+C 取消. 
[2021-06-01 19:21:17] [INFO]: 开始尝试登录并同步消息... 
[2021-06-01 19:21:17] [INFO]: 使用协议: iPad 
[2021-06-01 19:21:18] [INFO]: Protocol -> connect to server: 113.96.13.125:8080 
[2021-06-01 19:21:18] [ERROR]: Protocol -> unknown group msg: 0 
[2021-06-01 19:21:20] [INFO]: 登录成功 欢迎使用: 伊蕾娜 
[2021-06-01 19:21:20] [INFO]: 开始加载好友列表... 
[2021-06-01 19:21:20] [INFO]: 共加载 7 个好友. 
[2021-06-01 19:21:20] [INFO]: 开始加载群列表... 
[2021-06-01 19:21:20] [INFO]: 共加载 5 个群. 
[2021-06-01 19:21:20] [WARNING]: 警告: 信息数据库已关闭，将无法使用 [回复/撤回] 等功能。 
[2021-06-01 19:21:20] [INFO]: 正在加载事件过滤器. 
[2021-06-01 19:21:20] [WARNING]: 警告: 心跳功能已关闭，若非预期，请检查配置文件。 
[2021-06-01 19:21:20] [WARNING]: 事件过滤器启动失败: open filter.json: The system cannot find the file specified. 
[2021-06-01 19:21:20] [INFO]: 资源初始化完成, 开始处理信息. 
[2021-06-01 19:21:20] [INFO]: アトリは、高性能ですから! 
[2021-06-01 19:21:20] [INFO]: HTTP POST上报器已启动: 127.0.0.1:5710 
[2021-06-01 19:21:20] [INFO]: 正在检查更新. 
[2021-06-01 19:21:20] [INFO]: CQ HTTP 服务器已启动: 0.0.0.0:5700 
[2021-06-01 19:21:21] [INFO]: 收到服务器地址更新通知, 根据配置文件已忽略. 
[2021-06-01 19:21:22] [INFO]: 当前有更新的 go-cqhttp 可供更新, 请前往 https://github.com/Mrs4s/go-cqhttp/releases 下载. 
[2021-06-01 19:21:27] [INFO]: 当前版本: v0.9.40-fix5 最新版本: v1.0.0-beta4 
[2021-06-01 19:21:32] [INFO]: 收到群 🍀明日方舟双服呐呐(976813092) 内 年(635691684) 的消息: 上课 (126343) 
[2021-06-01 19:21:33] [WARNING]: 已拒绝客户端 127.0.0.1:60058 的请求: 非法Json 
[2021-06-01 19:21:33] [INFO]: 发送群 976813092(976813092)  的消息: 上课溜呐 (1506014304) 
[2021-06-01 19:21:37] [INFO]: 收到群 🍀明日方舟双服呐呐(976813092) 内 年(635691684) 的消息: 晚自习 (126345) 
[2021-06-01 19:21:37] [WARNING]: 已拒绝客户端 127.0.0.1:60059 的请求: 非法Json 
[2021-06-01 19:21:37] [INFO]: 发送群 976813092(976813092)  的消息: 晚自习溜呐 (-1211263668) 
[2021-06-01 19:21:43] [INFO]: 收到群 🍀明日方舟双服呐呐(976813092) 内 年(635691684) 的消息: 睡觉 (126347) 
[2021-06-01 19:21:43] [WARNING]: 已拒绝客户端 127.0.0.1:60060 的请求: 非法Json 
[2021-06-01 19:21:43] [INFO]: 发送群 976813092(976813092)  的消息: 睡觉溜呐 (1349892171) 
[2021-06-01 19:21:50] [INFO]: 收到群 🍀明日方舟双服呐呐(976813092) 内 年(635691684) 的消息: [CQ:image,file=5914b5c6666a8a754b1a10e66920eb08.image] (126349) 
[2021-06-01 19:21:51] [INFO]: 收到群 🍀明日方舟双服呐呐(976813092) 内 年(635691684) 的消息: [CQ:image,file=5914b5c6666a8a754b1a10e66920eb08.image] (126350) 
[2021-06-01 19:21:51] [WARNING]: 已拒绝客户端 127.0.0.1:60062 的请求: 非法Json 
[2021-06-01 19:21:51] [INFO]: 发送群 976813092(976813092)  的消息: [CQ:image, ... (816984494) 
[2021-06-01 19:37:54] [WARNING]: 警告: 强烈不推荐通过双击直接运行本程序, 这将导致一些非预料的后果. 
[2021-06-01 19:37:54] [WARNING]: 将等待10s后启动 
[2021-06-01 19:38:04] [INFO]: 当前版本:v0.9.40-fix5 
[2021-06-01 19:38:05] [INFO]: 用户交流群: 721829413 
[2021-06-01 19:38:05] [INFO]: 将使用 device.json 内的设备信息运行Bot. 
[2021-06-01 19:38:05] [INFO]: Bot将在5秒后登录并开始信息处理, 按 Ctrl+C 取消. 
[2021-06-01 19:38:10] [INFO]: 开始尝试登录并同步消息... 
[2021-06-01 19:38:10] [INFO]: 使用协议: iPad 
[2021-06-01 19:38:10] [INFO]: Protocol -> connect to server: 113.96.12.27:8080 
[2021-06-01 19:38:11] [ERROR]: Protocol -> unknown group msg: 0 
[2021-06-01 19:38:13] [INFO]: 登录成功 欢迎使用: 伊蕾娜 
[2021-06-01 19:38:13] [INFO]: 开始加载好友列表... 
[2021-06-01 19:38:13] [INFO]: 共加载 7 个好友. 
[2021-06-01 19:38:13] [INFO]: 开始加载群列表... 
[2021-06-01 19:38:13] [INFO]: 共加载 5 个群. 
[2021-06-01 19:38:13] [WARNING]: 警告: 信息数据库已关闭，将无法使用 [回复/撤回] 等功能。 
[2021-06-01 19:38:13] [INFO]: 正在加载事件过滤器. 
[2021-06-01 19:38:13] [WARNING]: 警告: 心跳功能已关闭，若非预期，请检查配置文件。 
[2021-06-01 19:38:13] [WARNING]: 事件过滤器启动失败: open filter.json: The system cannot find the file specified. 
[2021-06-01 19:38:13] [INFO]: 资源初始化完成, 开始处理信息. 
[2021-06-01 19:38:13] [INFO]: アトリは、高性能ですから! 
[2021-06-01 19:38:13] [INFO]: HTTP POST上报器已启动: 127.0.0.1:5710 
[2021-06-01 19:38:13] [INFO]: 正在检查更新. 
[2021-06-01 19:38:13] [INFO]: CQ HTTP 服务器已启动: 0.0.0.0:5700 
[2021-06-01 19:38:14] [INFO]: 当前有更新的 go-cqhttp 可供更新, 请前往 https://github.com/Mrs4s/go-cqhttp/releases 下载. 
[2021-06-01 19:38:14] [INFO]: 当前版本: v0.9.40-fix5 最新版本: v1.0.0-beta4 
